Build started 4/19/2017 1:28:14 PM.
     1>Project "E:\cs465\assignment1\assignment1\assignment1.vcxproj" on node 2 (Build target(s)).
     1>ClCompile:
         C:\Program Files (x86)\Microsoft Visual Studio 12.0\VC\bin\CL.exe /c /Zi /nologo /W3 /WX- /O2 /Oi /Oy- /GL /D WIN32 /D NDEBUG /D _CONSOLE /D _UNICODE /D UNICODE /Gm- /EHsc /MT /GS /Gy /fp:precise /Zc:wchar_t /Zc:forScope /Fo"Release\\" /Fd"Release\vc120.pdb" /Gd /TP /analyze- /errorReport:prompt assignment1.cpp
         assignment1.cpp
     1>assignment1.cpp(134): warning C4305: 'argument' : truncation from 'double' to 'float'
     1>assignment1.cpp(142): warning C4244: 'argument' : conversion from 'time_t' to 'unsigned int', possible loss of data
     1>assignment1.cpp(309): warning C4244: '=' : conversion from 'double' to 'GLfloat', possible loss of data
     1>assignment1.cpp(310): warning C4244: '=' : conversion from 'double' to 'GLfloat', possible loss of data
     1>assignment1.cpp(311): warning C4244: '=' : conversion from 'double' to 'GLfloat', possible loss of data
     1>assignment1.cpp(373): warning C4244: '-=' : conversion from 'double' to 'float', possible loss of data
     1>assignment1.cpp(379): warning C4244: '+=' : conversion from 'double' to 'float', possible loss of data
     1>assignment1.cpp(382): warning C4244: '=' : conversion from 'double' to 'GLfloat', possible loss of data
     1>assignment1.cpp(383): warning C4244: '=' : conversion from 'double' to 'GLfloat', possible loss of data
     1>assignment1.cpp(386): warning C4244: '-=' : conversion from 'double' to 'float', possible loss of data
     1>assignment1.cpp(387): warning C4244: '+=' : conversion from 'double' to 'float', possible loss of data
     1>assignment1.cpp(391): warning C4244: '-=' : conversion from 'double' to 'float', possible loss of data
     1>assignment1.cpp(392): warning C4244: '+=' : conversion from 'double' to 'float', possible loss of data
     1>assignment1.cpp(489): warning C4244: 'argument' : conversion from 'double' to 'GLclampf', possible loss of data
     1>assignment1.cpp(503): warning C4244: 'initializing' : conversion from 'double' to 'GLfloat', possible loss of data
     1>assignment1.cpp(531): warning C4305: 'argument' : truncation from 'double' to 'GLfloat'
     1>assignment1.cpp(545): warning C4305: 'argument' : truncation from 'double' to 'GLfloat'
     1>assignment1.cpp(547): warning C4305: 'argument' : truncation from 'double' to 'GLfloat'
     1>assignment1.cpp(548): warning C4305: 'argument' : truncation from 'double' to 'GLfloat'
     1>assignment1.cpp(549): warning C4305: 'argument' : truncation from 'double' to 'GLfloat'
     1>assignment1.cpp(550): warning C4305: 'argument' : truncation from 'double' to 'GLfloat'
     1>assignment1.cpp(559): warning C4305: 'argument' : truncation from 'double' to 'GLfloat'
     1>assignment1.cpp(581): warning C4305: 'argument' : truncation from 'double' to 'GLfloat'
     1>assignment1.cpp(593): warning C4305: 'argument' : truncation from 'double' to 'GLfloat'
     1>assignment1.cpp(595): warning C4305: 'argument' : truncation from 'double' to 'GLfloat'
     1>assignment1.cpp(602): warning C4305: 'argument' : truncation from 'double' to 'GLfloat'
       Link:
         C:\Program Files (x86)\Microsoft Visual Studio 12.0\VC\bin\link.exe /ERRORREPORT:PROMPT /OUT:"E:\cs465\assignment1\Release\assignment1.exe" /INCREMENTAL:NO /NOLOGO kernel32.lib user32.lib gdi32.lib winspool.lib comdlg32.lib advapi32.lib shell32.lib ole32.lib oleaut32.lib uuid.lib odbc32.lib odbccp32.lib /NODEFAULTLIB:libc.lib /MANIFEST /MANIFESTUAC:"level='asInvoker' uiAccess='false'" /manifest:embed /DEBUG /PDB:"E:\cs465\assignment1\Release\assignment1.pdb" /SUBSYSTEM:CONSOLE /OPT:REF /OPT:ICF /LTCG /TLBID:1 /DYNAMICBASE /NXCOMPAT /IMPLIB:"E:\cs465\assignment1\Release\assignment1.lib" /MACHINE:X86 /SAFESEH Release\GLee.obj
         Release\gltools.obj
         Release\math3d.obj
         Release\assignment1.obj
         Generating code
         Finished generating code
         assignment1.vcxproj -> E:\cs465\assignment1\Release\assignment1.exe
     1>Done Building Project "E:\cs465\assignment1\assignment1\assignment1.vcxproj" (Build target(s)).

Build succeeded.

Time Elapsed 00:00:30.52
